<?xml version="1.0" encoding="UTF-8"?>
<!-- Generated by org.testng.reporters.JUnitReportReporter -->
<testsuite hostname="LAPTOP-4PBM4I34" failures="0" tests="1" name="com.herokuapp.theinternet.Search" time="15.342" errors="0" timestamp="12 May 2021 11:16:03 GMT" skipped="0">
  <testcase classname="com.herokuapp.theinternet.Search" name="TestSelenium" time="15.342"/>
</testsuite> <!-- com.herokuapp.theinternet.Search -->
